<?xml version="1.0" encoding="UTF-8"?>
<!-- Generated by org.testng.reporters.JUnitReportReporter -->
<testsuite hostname="DESKTOP-S5OC1F8" name="com.trendyol.test.TrendyolAutomationTest" tests="1" failures="0" timestamp="12 Jan 2022 13:04:34 GMT" time="49.234" errors="0">
  <testcase name="exampleTest1" time="49.234" classname="com.trendyol.test.TrendyolAutomationTest"/>
</testsuite> <!-- com.trendyol.test.TrendyolAutomationTest -->
